<?xml version="1.0" encoding="UTF-8"?>
<testsuite name="StudentTestCases" tests="0" skipped="0" failures="0" errors="0" timestamp="1970-01-01T00:00:00" hostname="Ahmads-MacBook-Pro-2.local" time="0.0">
  <properties/>
  <system-out><![CDATA[The driver could not establish a secure connection to SQL Server by using Secure Sockets Layer (SSL) encryption. Error: "SQL Server did not return a response. The connection has been closed. ClientConnectionId:c920627a-5445-4a4f-9890-0e6fde74771b".
]]></system-out>
  <system-err><![CDATA[]]></system-err>
</testsuite>
